2025-03-07 22:54:52,929 [INFO] Arguments: Namespace(dataset='New_York', data_dir='asset/data', hidden=256, num_layers=3, dropout=0.3, ensemble_size=3, epochs=5, batch_size=32, lr=0.001, weight_decay=1e-05, clip_grad=1.0, min_epochs=3, patience=10, hav_weight=0.3, epsilon=0.01, alpha=0.01, beta=0.5, use_feature_adapter=True, adapter_strategy='projection', target_dim=30, test_only=False, load_epoch=0, load_model=None, seed=42, log_dir='asset/log', model_dir='asset/model', fig_dir='asset/figures')
2025-03-07 22:54:52,930 [INFO] Using device: cpu
2025-03-07 22:54:52,932 [INFO] Dataset loaded from asset/data/New_York.npz
2025-03-07 22:54:52,932 [INFO] Features shape: (1000, 30)
2025-03-07 22:54:52,932 [INFO] Labels shape: (1000, 2)
2025-03-07 22:54:55,072 [INFO] No feature adapter needed: input_dim = 30
2025-03-07 22:56:12,902 [INFO] Arguments: Namespace(dataset='New_York', data_dir='asset/data', hidden=256, num_layers=3, dropout=0.3, ensemble_size=3, epochs=5, batch_size=32, lr=0.001, weight_decay=1e-05, clip_grad=1.0, min_epochs=3, patience=10, hav_weight=0.3, epsilon=0.01, alpha=0.01, beta=0.5, use_feature_adapter=True, adapter_strategy='projection', target_dim=30, test_only=False, load_epoch=0, load_model=None, seed=42, log_dir='asset/log', model_dir='asset/model', fig_dir='asset/figures')
2025-03-07 22:56:12,903 [INFO] Using device: cpu
2025-03-07 22:56:12,905 [INFO] Dataset loaded from asset/data/New_York.npz
2025-03-07 22:56:12,905 [INFO] Features shape: (1000, 30)
2025-03-07 22:56:12,905 [INFO] Labels shape: (1000, 2)
2025-03-07 22:56:15,123 [INFO] No feature adapter needed: input_dim = 30
2025-03-07 22:56:56,098 [INFO] Arguments: Namespace(dataset='New_York', data_dir='asset/data', hidden=256, num_layers=3, dropout=0.3, ensemble_size=3, epochs=5, batch_size=32, lr=0.001, weight_decay=1e-05, clip_grad=1.0, min_epochs=3, patience=10, hav_weight=0.3, epsilon=0.01, alpha=0.01, beta=0.5, use_feature_adapter=True, adapter_strategy='projection', target_dim=30, test_only=False, load_epoch=0, load_model=None, seed=42, log_dir='asset/log', model_dir='asset/model', fig_dir='asset/figures')
2025-03-07 22:56:56,099 [INFO] Using device: cpu
2025-03-07 22:56:56,101 [INFO] Dataset loaded from asset/data/New_York.npz
2025-03-07 22:56:56,101 [INFO] Features shape: (1000, 30)
2025-03-07 22:56:56,101 [INFO] Labels shape: (1000, 2)
2025-03-07 22:56:56,232 [INFO] No feature adapter needed: input_dim = 30
2025-03-07 22:56:57,528 [INFO] Epoch 1/5:
2025-03-07 22:56:57,528 [INFO]   Train Loss: 3045.445088, MSE: 2049.308007, Haversine: 5369.764832, Adversarial: 128.594798
2025-03-07 22:56:57,528 [INFO]   Val Loss: 2525.953906, MSE: 1831.694189, Haversine: 4145.893359
2025-03-07 22:56:57,542 [INFO]   Model saved to asset/model/New_York_gcn_optimized_best.pth
2025-03-07 22:56:58,679 [INFO] Epoch 2/5:
2025-03-07 22:56:58,679 [INFO]   Train Loss: 663.656028, MSE: 289.406869, Haversine: 1536.904017, Adversarial: 101.175700
2025-03-07 22:56:58,679 [INFO]   Val Loss: 156.179726, MSE: 21.001150, Haversine: 471.596399
2025-03-07 22:56:58,696 [INFO]   Model saved to asset/model/New_York_gcn_optimized_best.pth
2025-03-07 22:56:59,866 [INFO] Epoch 3/5:
2025-03-07 22:56:59,866 [INFO]   Train Loss: 250.686553, MSE: 43.381317, Haversine: 734.398737, Adversarial: 51.110943
2025-03-07 22:56:59,866 [INFO]   Val Loss: 118.798943, MSE: 11.395326, Haversine: 369.407367
2025-03-07 22:56:59,888 [INFO]   Model saved to asset/model/New_York_gcn_optimized_best.pth
2025-03-07 22:57:01,004 [INFO] Epoch 4/5:
2025-03-07 22:57:01,004 [INFO]   Train Loss: 191.437981, MSE: 26.405162, Haversine: 576.514537, Adversarial: 40.947878
2025-03-07 22:57:01,005 [INFO]   Val Loss: 85.564799, MSE: 6.923385, Haversine: 269.061423
2025-03-07 22:57:01,025 [INFO]   Model saved to asset/model/New_York_gcn_optimized_best.pth
2025-03-07 22:57:02,123 [INFO] Epoch 5/5:
2025-03-07 22:57:02,124 [INFO]   Train Loss: 165.067936, MSE: 21.234995, Haversine: 500.678113, Adversarial: 31.739243
2025-03-07 22:57:02,124 [INFO]   Val Loss: 119.410736, MSE: 9.710339, Haversine: 375.378314
2025-03-07 22:57:02,135 [INFO]   Model saved to asset/model/New_York_gcn_optimized_epoch_5.pth
2025-03-07 22:57:02,135 [INFO] Best epoch: 4 with validation loss: 85.564799
2025-03-07 22:57:02,136 [INFO] Training time: 5.77 seconds
2025-03-07 22:57:03,234 [INFO] Training curves saved to asset/figures/New_York_training_curves_gcn_optimized.png
2025-03-07 22:57:03,249 [INFO] Best model loaded from asset/model/New_York_gcn_optimized_best.pth
2025-03-07 22:57:03,318 [INFO] Test Loss: 84.526025, MSE: 5.958332, Haversine: 267.850629
2025-03-07 22:57:03,318 [INFO] Test MSE: 6.000589
2025-03-07 22:57:03,318 [INFO] Test MAE: 1.945282
2025-03-07 22:57:03,318 [INFO] Median Distance Error: 213.746877
2025-03-07 22:57:03,318 [INFO] Distance Errors (km): [89.55644975803992, 96.92810820807807, 165.79930849799945, 170.64017127225247, 690.0261868399501, 312.4662904588006, 138.82930740179518, 380.3252610290447, 567.8849080738142, 44.355807811588235, 215.58583598525178, 118.61571415086522, 89.13846822944458, 492.06495740143083, 382.38534383859746, 149.3074932485623, 127.95433632341067, 316.85883791709705, 66.29597281966745, 261.3276003722881, 136.87285869673013, 163.54183944382459, 565.6986115217345, 128.48203226879713, 246.07406600342344, 345.7138267638148, 228.9750172969431, 686.346855858189, 514.6242291298262, 70.80960452788077, 132.17470439154613, 30.44914378404859, 129.0623828086346, 224.7947558373812, 573.2003168111622, 420.33299316307154, 120.99982085358987, 125.29698991803602, 409.8504790221788, 368.3965597524863, 464.77997363015135, 535.1338340840144, 131.0557550465771, 207.87591251214008, 210.06056253435796, 188.5527165438054, 94.18228417330967, 481.0611847448356, 60.72210406271888, 221.23477498147258, 87.5244548521615, 341.6086033771933, 457.1246428015392, 150.99759026901015, 267.697313908972, 412.1566210014339, 84.8345002113476, 205.58498013036092, 379.60982226788843, 106.10656341441705, 123.68479906976265, 445.961108400308, 570.3730318608673, 93.29775158510523, 298.40709784796246, 239.23653475331122, 457.44043330408704, 79.11725610606801, 150.341312161291, 176.1827861510066, 147.63411780051086, 229.0085172455523, 42.53466193621721, 267.37907049276293, 322.52729372728294, 949.9161775217293, 122.20772971868605, 506.7351031022047, 441.65699547428034, 652.0988969883651, 91.98394235972991, 201.19421346308545, 152.16917264100942, 325.2609572516105, 201.56788951560026, 233.7916642245601, 575.5123978204145, 322.1421238532061, 606.4484686896847, 511.9980285273952, 112.8682645223881, 363.12176996506247, 233.86045869277976, 444.51222331710943, 11.624496048708309, 289.9444871982098, 194.23354397611428, 193.89216705988147, 356.0659415901716, 111.58930371753404, 92.40099220189413, 774.1862565610668, 489.51753514222827, 502.0062286113868, 258.62788301164875, 284.62269548447955, 309.4254745846319, 211.90791738640095, 40.0230372881963, 121.17606709219372, 129.3109362886365, 121.99362945031311, 189.57307993143243, 422.681806144405, 275.47906110945365, 59.887918897923576, 196.4103719230064, 405.29005886126697, 64.98308325810508, 393.66410758425997, 329.1575254832901, 106.09915623109617, 87.38964763409841, 116.42892104079796, 463.09012176583224, 172.10011000784465, 182.0974612338403, 141.09716457527887, 342.59163522981385, 573.0577316496058, 26.76792217246828, 273.300186124306, 116.42897002562374, 211.00977488433355, 518.1368861465716, 131.3765201320608, 499.00727485691885, 349.8235324108039, 444.25716827516146, 349.73274884836513, 96.69164401812473, 101.26986124375763, 204.22358021487156, 195.6717446044293, 102.061280930575, 471.9406281489622, 111.33058405515271, 204.20941959183176, 234.8454091818274, 272.2661424773707]
